<?xml version="1.0" encoding="UTF-8"?>
<testng-results ignored="0" total="1" passed="1" failed="0" skipped="0">
  <reporter-output>
  </reporter-output>
  <suite started-at="2023-06-15T11:48:11 IST" name="Default suite" finished-at="2023-06-15T11:48:15 IST" duration-ms="4562">
    <groups>
    </groups>
    <test started-at="2023-06-15T11:48:11 IST" name="Default test" finished-at="2023-06-15T11:48:15 IST" duration-ms="4562">
      <class name="Screenshot.Forall">
        <test-method is-config="true" signature="Before()[pri:0, instance:Screenshot.Forall@4f7c0be3]" started-at="2023-06-15T11:48:11 IST" name="Before" finished-at="2023-06-15T11:48:14 IST" duration-ms="3186" status="PASS">
          <reporter-output>
          </reporter-output>
        </test-method> <!-- Before -->
        <test-method signature="Browse()[pri:0, instance:Screenshot.Forall@4f7c0be3]" started-at="2023-06-15T11:48:14 IST" name="Browse" finished-at="2023-06-15T11:48:15 IST" duration-ms="1274" status="PASS">
          <reporter-output>
          </reporter-output>
        </test-method> <!-- Browse -->
      </class> <!-- Screenshot.Forall -->
    </test> <!-- Default test -->
  </suite> <!-- Default suite -->
</testng-results>
